<?xml version="1.0" encoding="utf-8"?><testsuites name="pytest tests"><testsuite name="pytest" errors="0" failures="0" skipped="0" tests="12" time="1.799" timestamp="2026-08-09T18:19:45.008830+00:00" hostname="agent-env-0ab3fe11-1145-4255-9d0d-13fda4c814cb"><testcase classname="tests.test_arcade_backend" name="test_root" time="0.264" /><testcase classname="tests.test_arcade_backend" name="test_create_score_valid[tic-tac-toe]" time="0.093" /><testcase classname="tests.test_arcade_backend" name="test_create_score_valid[snake]" time="0.118" /><testcase classname="tests.test_arcade_backend" name="test_create_score_valid[memory]" time="0.087" /><testcase classname="tests.test_arcade_backend" name="test_create_score_valid[2048]" time="0.095" /><testcase classname="tests.test_arcade_backend" name="test_create_invalid_game" time="0.047" /><testcase classname="tests.test_arcade_backend" name="test_create_empty_nickname_defaults_anonim" time="0.043" /><testcase classname="tests.test_arcade_backend" name="test_create_negative_score_rejected" time="0.042" /><testcase classname="tests.test_arcade_backend" name="test_nickname_truncated_20" time="0.043" /><testcase classname="tests.test_arcade_backend" name="test_scores_sorted_desc_and_limit" time="0.376" /><testcase classname="tests.test_arcade_backend" name="test_get_scores_invalid_game" time="0.042" /><testcase classname="tests.test_arcade_backend" name="test_stats_structure" time="0.052" /></testsuite></testsuites>